/*C27*/SET SCHEMA PUBLIC
CONNECT USER SA
/*C28*/SET SCHEMA PUBLIC
CONNECT USER SA
DISCONNECT
/*C29*/SET SCHEMA PUBLIC
CONNECT USER SA
DISCONNECT
/*C30*/SET SCHEMA PUBLIC
CONNECT USER SA
/*C31*/SET SCHEMA PUBLIC
CONNECT USER SA
INSERT INTO SERVICOS VALUES(1,NULL,NULL,NULL)
DISCONNECT
/*C30*/DISCONNECT
/*C27*/DELETE FROM SERVICOS WHERE CODIGO=1 AND DESCRICAO IS NULL AND VALOR IS NULL AND TEMPO_MEDIO IS NULL
/*C32*/SET SCHEMA PUBLIC
CONNECT USER SA
DISCONNECT
/*C33*/SET SCHEMA PUBLIC
CONNECT USER SA
/*C34*/SET SCHEMA PUBLIC
CONNECT USER SA
INSERT INTO SERVICOS VALUES(1,'TESTE',10.0,10.0)
DISCONNECT
/*C33*/DISCONNECT
/*C35*/SET SCHEMA PUBLIC
CONNECT USER SA
DISCONNECT
/*C36*/SET SCHEMA PUBLIC
CONNECT USER SA
/*C37*/SET SCHEMA PUBLIC
CONNECT USER SA
SET AUTOCOMMIT FALSE
DELETE FROM SERVICOS WHERE CODIGO=1 AND DESCRICAO='TESTE' AND VALOR=10.0 AND TEMPO_MEDIO=10.0
INSERT INTO SERVICOS VALUES(1,'TESTE',10.0,1.0)
SET AUTOCOMMIT TRUE
DISCONNECT
/*C36*/DISCONNECT
/*C38*/SET SCHEMA PUBLIC
CONNECT USER SA
DISCONNECT
/*C39*/SET SCHEMA PUBLIC
CONNECT USER SA
DISCONNECT
/*C40*/SET SCHEMA PUBLIC
CONNECT USER SA
DISCONNECT
/*C41*/SET SCHEMA PUBLIC
CONNECT USER SA
DISCONNECT
/*C42*/SET SCHEMA PUBLIC
CONNECT USER SA
DISCONNECT
/*C43*/SET SCHEMA PUBLIC
CONNECT USER SA
DISCONNECT
/*C44*/SET SCHEMA PUBLIC
CONNECT USER SA
DISCONNECT
/*C45*/SET SCHEMA PUBLIC
CONNECT USER SA
DISCONNECT
/*C46*/SET SCHEMA PUBLIC
CONNECT USER SA
DISCONNECT
/*C47*/SET SCHEMA PUBLIC
CONNECT USER SA
DISCONNECT
/*C48*/SET SCHEMA PUBLIC
CONNECT USER SA
DISCONNECT
/*C49*/SET SCHEMA PUBLIC
CONNECT USER SA
DISCONNECT
/*C50*/SET SCHEMA PUBLIC
CONNECT USER SA
DISCONNECT
/*C51*/SET SCHEMA PUBLIC
CONNECT USER SA
/*C52*/SET SCHEMA PUBLIC
CONNECT USER SA
/*C51*/DISCONNECT
/*C52*/DISCONNECT
/*C53*/SET SCHEMA PUBLIC
CONNECT USER SA
DISCONNECT
